DateTime="2024-08-29 06:54:47.9458" ThreadId="1" Level="TRACE" Provider="FareSavingsParser" Message="loader.GetUnprocessedLiteFeeds start."
DateTime="2024-08-29 06:54:47.9793" ThreadId="1" Level="TRACE" Provider="FareSavingsParser" Message="loader.GetUnprocessedLiteFeeds end. Duration: 31 ms."
DateTime="2024-08-29 06:54:47.9793" ThreadId="1" Level="TRACE" Provider="FareSavingsParser" Message="loader.GetAllLiteLinesByFeed start."
DateTime="2024-08-29 06:54:48.0095" ThreadId="1" Level="TRACE" Provider="FareSavingsParser" Message="loader.GetAllLiteLinesByFeed end. Duration: 29 ms."
DateTime="2024-08-29 06:54:48.0669" ThreadId="1" Level="TRACE" Provider="FareSavingsParser" Message="localStorage.GetUnprocessedFeedReferences start."
DateTime="2024-08-29 06:55:02.4009" ThreadId="1" Level="TRACE" Provider="WorkersHost" Message="Processor running start."
DateTime="2024-08-29 06:55:02.4966" ThreadId="1" Level="TRACE" Provider="WorkersHost" Message="Processor running start."
DateTime="2024-08-29 06:55:02.5274" ThreadId="1" Level="TRACE" Provider="TravelerCategoriesSync" Message="Start syncing entities."
DateTime="2024-08-29 06:55:02.5274" ThreadId="1" Level="TRACE" Provider="TravelerCategoriesSync" Message="SyncProcessorBase.EntityMerger.SourceEntitiesLoader.LoadSourceEntities start."
DateTime="2024-08-29 06:55:03.0644" ThreadId="1" Level="TRACE" Provider="WorkersHost" Message="Processor running end. Duration: 654 ms."
DateTime="2024-08-29 06:55:03.0644" ThreadId="1" Level="TRACE" Provider="WorkersHost" Message="Creator: 'EmailsAttachment' disposed."
DateTime="2024-08-29 06:55:06.4998" ThreadId="1" Level="TRACE" Provider="TravelerCategoriesSync" Message="SyncProcessorBase.EntityMerger.SourceEntitiesLoader.LoadSourceEntities end. Duration: 3959 ms."
DateTime="2024-08-29 06:55:06.4998" ThreadId="1" Level="TRACE" Provider="TravelerCategoriesSync" Message="SyncProcessorBase.EntityMerger.MergeEntity: sourceEntities.Count=7682 start."
DateTime="2024-08-29 06:55:06.4998" ThreadId="1" Level="TRACE" Provider="TravelerCategoriesSync" Message="SyncProcessor.MergeEntity.MergeEntities: sourceEntities.Count=7682. start."
DateTime="2024-08-29 06:55:06.4998" ThreadId="1" Level="TRACE" Provider="TravelerCategoriesSync" Message="TravelerCategorySync.MergeEntities. Start merging traveler category entities."
DateTime="2024-08-29 06:55:18.4937" ThreadId="1" Level="TRACE" Provider="WorkersHost" Message="Creator: 'FareSavingsParser' disposed."


DateTime="2024-08-29 09:15:35.9458" ThreadId="1" Level="TRACE" Provider="WorkersHost" Message="Processor running start."
DateTime="2024-08-29 09:15:35.9767" ThreadId="1" Level="TRACE" Provider="FareSavingsParser" Message="loader.GetUnprocessedLiteFeeds start."
DateTime="2024-08-29 09:15:36.0245" ThreadId="1" Level="TRACE" Provider="FareSavingsParser" Message="loader.GetUnprocessedLiteFeeds end. Duration: 45 ms."
DateTime="2024-08-29 09:15:36.0245" ThreadId="1" Level="TRACE" Provider="FareSavingsParser" Message="localStorage.GetUnprocessedFeedReferences start."
DateTime="2024-08-29 09:16:02.1152" ThreadId="1" Level="TRACE" Provider="WorkersHost" Message="Processor running start."
DateTime="2024-08-29 09:16:02.1152" ThreadId="1" Level="TRACE" Provider="WorkersHost" Message="Processor running start."
DateTime="2024-08-29 09:16:02.1267" ThreadId="1" Level="TRACE" Provider="TravelerCategoriesSync" Message="Start syncing entities."
DateTime="2024-08-29 09:16:02.1267" ThreadId="1" Level="TRACE" Provider="TravelerCategoriesSync" Message="SyncProcessorBase.EntityMerger.SourceEntitiesLoader.LoadSourceEntities start."
DateTime="2024-08-29 09:16:05.9550" ThreadId="1" Level="TRACE" Provider="TravelerCategoriesSync" Message="SyncProcessorBase.EntityMerger.SourceEntitiesLoader.LoadSourceEntities end. Duration: 3830 ms."
DateTime="2024-08-29 09:16:05.9550" ThreadId="1" Level="TRACE" Provider="TravelerCategoriesSync" Message="SyncProcessorBase.EntityMerger.MergeEntity: sourceEntities.Count=7682 start."
DateTime="2024-08-29 09:16:05.9550" ThreadId="1" Level="TRACE" Provider="TravelerCategoriesSync" Message="SyncProcessor.MergeEntity.MergeEntities: sourceEntities.Count=7682. start."
DateTime="2024-08-29 09:16:05.9651" ThreadId="1" Level="TRACE" Provider="TravelerCategoriesSync" Message="TravelerCategorySync.MergeEntities. Start merging traveler category entities."
DateTime="2024-08-29 09:16:06.0987" ThreadId="1" Level="TRACE" Provider="WorkersHost" Message="Creator: 'FareSavingsParser' disposed."
